<?xml version="1.0" encoding="UTF-8"?>
<!-- Generated by org.testng.reporters.JUnitXMLReporter -->
<testsuite ignored="3" hostname="Nidhis-MacBook-Air.local" failures="0" tests="1" name="Default test" time="10.823" errors="0" timestamp="2023-03-25T16:07:40 EDT">
  <testcase classname="com.Automation.TestsCases.HomePage_Test" name="homepageTitle" time="0.018"/>
  <testcase classname="com.Automation.TestsCases.HomePage_Test" name="links" time="0.0">
    <ignored/>
  </testcase> <!-- links -->
  <testcase classname="com.Automation.TestsCases.HomePage_Test" name="checkingUser" time="0.0">
    <ignored/>
  </testcase> <!-- checkingUser -->
  <testcase classname="com.Automation.TestsCases.HomePage_Test" name="clickOnRecruitment" time="0.0">
    <ignored/>
  </testcase> <!-- clickOnRecruitment -->
</testsuite> <!-- Default test -->
